Using pre-set license
Built from '2021.3/china_unity/release' branch; Version is '2021.3.21f1c1 (08fa194de70f) revision 588313'; Using compiler version '192829333'; Build Type 'Release'
OS: 'Windows 11  (10.0.22000) 64bit Professional' Language: 'zh' Physical Memory: 32577 MB
BatchMode: 1, IsHumanControllingUs: 0, StartBugReporterOnCrash: 0, Is64bit: 1, IsPro: 1

COMMAND LINE ARGUMENTS:
D:\Unity\Editor\2021.3.21f1c1\Editor\Unity.exe
-adb2
-batchMode
-noUpm
-name
AssetImportWorker10
-projectPath
G:/Zvan/GameProject/UnityProject/Tic-Tac-Toe-UnityProject
-logFile
Logs/AssetImportWorker10.log
-srvPort
14308
Successfully changed project path to: G:/Zvan/GameProject/UnityProject/Tic-Tac-Toe-UnityProject
G:/Zvan/GameProject/UnityProject/Tic-Tac-Toe-UnityProject
[UnityMemory] Configuration Parameters - Can be set up in boot.config
    "memorysetup-bucket-allocator-granularity=16"
    "memorysetup-bucket-allocator-bucket-count=8"
    "memorysetup-bucket-allocator-block-size=33554432"
    "memorysetup-bucket-allocator-block-count=8"
    "memorysetup-main-allocator-block-size=16777216"
    "memorysetup-thread-allocator-block-size=16777216"
    "memorysetup-gfx-main-allocator-block-size=16777216"
    "memorysetup-gfx-thread-allocator-block-size=16777216"
    "memorysetup-cache-allocator-block-size=4194304"
    "memorysetup-typetree-allocator-block-size=2097152"
    "memorysetup-profiler-bucket-allocator-granularity=16"
    "memorysetup-profiler-bucket-allocator-bucket-count=8"
    "memorysetup-profiler-bucket-allocator-block-size=33554432"
    "memorysetup-profiler-bucket-allocator-block-count=8"
    "memorysetup-profiler-allocator-block-size=16777216"
    "memorysetup-profiler-editor-allocator-block-size=1048576"
    "memorysetup-temp-allocator-size-main=16777216"
    "memorysetup-job-temp-allocator-block-size=2097152"
    "memorysetup-job-temp-allocator-block-size-background=1048576"
    "memorysetup-job-temp-allocator-reduction-small-platforms=262144"
    "memorysetup-temp-allocator-size-background-worker=32768"
    "memorysetup-temp-allocator-size-job-worker=262144"
    "memorysetup-temp-allocator-size-preload-manager=33554432"
    "memorysetup-temp-allocator-size-nav-mesh-worker=65536"
    "memorysetup-temp-allocator-size-audio-worker=65536"
    "memorysetup-temp-allocator-size-cloud-worker=32768"
    "memorysetup-temp-allocator-size-gi-baking-worker=262144"
    "memorysetup-temp-allocator-size-gfx=262144"
Player connection [89300] Host "[IP] 10.85.224.24 [Port] 0 [Flags] 2 [Guid] 3921463362 [EditorId] 3921463362 [Version] 1048832 [Id] WindowsEditor(7,DESKTOP-E3T4QM9) [Debug] 1 [PackageName] WindowsEditor [ProjectName] Editor" joined multi-casting on [225.0.0.222:54997]...

Player connection [89300] Host "[IP] 10.85.224.24 [Port] 0 [Flags] 2 [Guid] 3921463362 [EditorId] 3921463362 [Version] 1048832 [Id] WindowsEditor(7,DESKTOP-E3T4QM9) [Debug] 1 [PackageName] WindowsEditor [ProjectName] Editor" joined alternative multi-casting on [225.0.0.222:34997]...

AS: AutoStreaming module initializing.
Refreshing native plugins compatible for Editor in 50.35 ms, found 3 plugins.
Preloading 0 native plugins for Editor in 0.00 ms.
Initialize engine version: 2021.3.21f1c1 (08fa194de70f)
[Subsystems] Discovering subsystems at path D:/Unity/Editor/2021.3.21f1c1/Editor/Data/Resources/UnitySubsystems
[Subsystems] Discovering subsystems at path G:/Zvan/GameProject/UnityProject/Tic-Tac-Toe-UnityProject/Assets
GfxDevice: creating device client; threaded=0; jobified=0
Direct3D:
    Version:  Direct3D 11.0 [level 11.1]
    Renderer: NVIDIA GeForce RTX 3070 Ti (ID=0x2482)
    Vendor:   NVIDIA
    VRAM:     8017 MB
    Driver:   32.0.15.6590
Initialize mono
Mono path[0] = 'D:/Unity/Editor/2021.3.21f1c1/Editor/Data/Managed'
Mono path[1] = 'D:/Unity/Editor/2021.3.21f1c1/Editor/Data/MonoBleedingEdge/lib/mono/unityjit-win32'
Mono config path = 'D:/Unity/Editor/2021.3.21f1c1/Editor/Data/MonoBleedingEdge/etc'
Using monoOptions --debugger-agent=transport=dt_socket,embedding=1,server=y,suspend=n,address=127.0.0.1:56044
Begin MonoManager ReloadAssembly
Registering precompiled unity dll's ...
Register platform support module: D:/Unity/Editor/2021.3.21f1c1/Editor/Data/PlaybackEngines/AndroidPlayer/UnityEditor.Android.Extensions.dll
Register platform support module: D:/Unity/Editor/2021.3.21f1c1/Editor/Data/PlaybackEngines/iOSSupport/UnityEditor.iOS.Extensions.dll
Register platform support module: D:/Unity/Editor/2021.3.21f1c1/Editor/Data/PlaybackEngines/WindowsStandaloneSupport/UnityEditor.WindowsStandalone.Extensions.dll
Registered in 0.012386 seconds.
Native extension for WindowsStandalone target not found
[usbmuxd] Start listen thread
[usbmuxd] Listen thread started
Native extension for iOS target not found
Native extension for Android target not found
Android Extension - Scanning For ADB Devices 300 ms
Refreshing native plugins compatible for Editor in 48.76 ms, found 3 plugins.
Preloading 0 native plugins for Editor in 0.00 ms.
Mono: successfully reloaded assembly
- Completed reload, in  0.806 seconds
Domain Reload Profiling:
	ReloadAssembly (806ms)
		BeginReloadAssembly (79ms)
			ExecutionOrderSort (0ms)
			DisableScriptedObjects (0ms)
			BackupInstance (0ms)
			ReleaseScriptingObjects (0ms)
			CreateAndSetChildDomain (0ms)
		EndReloadAssembly (633ms)
			LoadAssemblies (72ms)
			RebuildTransferFunctionScriptingTraits (0ms)
			SetupTypeCache (74ms)
			ReleaseScriptCaches (0ms)
			RebuildScriptCaches (17ms)
			SetupLoadedEditorAssemblies (494ms)
				LogAssemblyErrors (0ms)
				InitializePlatformSupportModulesInManaged (360ms)
				SetLoadedEditorAssemblies (0ms)
				RefreshPlugins (49ms)
				BeforeProcessingInitializeOnLoad (1ms)
				ProcessInitializeOnLoadAttributes (56ms)
				ProcessInitializeOnLoadMethodAttributes (29ms)
				AfterProcessingInitializeOnLoad (0ms)
				EditorAssembliesLoaded (0ms)
			ExecutionOrderSort2 (0ms)
			AwakeInstancesAfterBackupRestoration (0ms)
Platform modules already initialized, skipping
Registering precompiled user dll's ...
Registered in 0.006528 seconds.
Begin MonoManager ReloadAssembly
Symbol file LoadedFromMemory doesn't match image G:\Zvan\GameProject\UnityProject\Tic-Tac-Toe-UnityProject\Library\PackageCache\com.unity.visualscripting@1.8.0\Editor\VisualScripting.Core\Dependencies\YamlDotNet\Unity.VisualScripting.YamlDotNet.dll
Symbol file LoadedFromMemory doesn't match image G:\Zvan\GameProject\UnityProject\Tic-Tac-Toe-UnityProject\Library\PackageCache\com.unity.visualscripting@1.8.0\Editor\VisualScripting.Core\Dependencies\DotNetZip\Unity.VisualScripting.IonicZip.dll
Native extension for WindowsStandalone target not found
Native extension for iOS target not found
Native extension for Android target not found
Refreshing native plugins compatible for Editor in 0.41 ms, found 3 plugins.
Preloading 0 native plugins for Editor in 0.00 ms.
Mono: successfully reloaded assembly
- Completed reload, in  0.860 seconds
Domain Reload Profiling:
	ReloadAssembly (860ms)
		BeginReloadAssembly (112ms)
			ExecutionOrderSort (0ms)
			DisableScriptedObjects (3ms)
			BackupInstance (0ms)
			ReleaseScriptingObjects (0ms)
			CreateAndSetChildDomain (13ms)
		EndReloadAssembly (653ms)
			LoadAssemblies (91ms)
			RebuildTransferFunctionScriptingTraits (0ms)
			SetupTypeCache (164ms)
			ReleaseScriptCaches (0ms)
			RebuildScriptCaches (31ms)
			SetupLoadedEditorAssemblies (359ms)
				LogAssemblyErrors (0ms)
				InitializePlatformSupportModulesInManaged (25ms)
				SetLoadedEditorAssemblies (0ms)
				RefreshPlugins (0ms)
				BeforeProcessingInitializeOnLoad (62ms)
				ProcessInitializeOnLoadAttributes (241ms)
				ProcessInitializeOnLoadMethodAttributes (13ms)
				AfterProcessingInitializeOnLoad (17ms)
				EditorAssembliesLoaded (0ms)
			ExecutionOrderSort2 (0ms)
			AwakeInstancesAfterBackupRestoration (5ms)
Platform modules already initialized, skipping
========================================================================
Worker process is ready to serve import requests
Launched and connected shader compiler UnityShaderCompiler.exe after 0.04 seconds
Refreshing native plugins compatible for Editor in 0.38 ms, found 3 plugins.
Preloading 0 native plugins for Editor in 0.00 ms.
Unloading 3117 Unused Serialized files (Serialized files now loaded: 0)
Unloading 24 unused Assets / (117.3 KB). Loaded Objects now: 3596.
Memory consumption went from 125.6 MB to 125.5 MB.
Total: 2.220500 ms (FindLiveObjects: 0.160200 ms CreateObjectMapping: 0.068600 ms MarkObjects: 1.882700 ms  DeleteObjects: 0.108000 ms)

AssetImportParameters requested are different than current active one (requested -> active):
  custom:video-decoder-ogg-theora: a1e56fd34408186e4bbccfd4996cb3dc -> 
  custom:container-muxer-webm: aa71ff27fc2769a1b78a27578f13a17b -> 
  custom:container-demuxer-webm: 4f35f7cbe854078d1ac9338744f61a02 -> 
  custom:video-encoder-webm-vp8: eb34c28f22e8b96e1ab97ce403110664 -> 
  custom:audio-encoder-webm-vorbis: bf7c407c2cedff20999df2af8eb42d56 -> 
  custom:framework-win-MediaFoundation: 216162199b28c13a410421893ffa2e32 -> 
  custom:SearchIndexIgnoredProperties: e643bd26f0fe6173181afceb89e7c659 -> 
  custom:container-demuxer-ogg: 62fdf1f143b41e24485cea50d1cbac27 -> 
  custom:video-decoder-webm-vp8: 9c59270c3fd7afecdb556c50c9e8de78 -> 
  custom:audio-decoder-ogg-vorbis: bf7c407c2cedff20999df2af8eb42d56 -> 
========================================================================
Received Import Request.
  Time since last request: 1439971.763654 seconds.
  path: Assets/Isometric Pack 3d/Props/Models/Plants_04A.fbx
  artifactKey: Guid(534faa5af17cf484d8e7ceb727f94a04) Importer(815301076,1909f56bfc062723c751e8b465ee728b)
Start importing Assets/Isometric Pack 3d/Props/Models/Plants_04A.fbx using Guid(534faa5af17cf484d8e7ceb727f94a04) Importer(815301076,1909f56bfc062723c751e8b465ee728b)  -> (artifact id: '04a5e8bd59b91d69b7462715de4cd2be') in 0.130378 seconds 
========================================================================
Received Import Request.
  Time since last request: 0.000026 seconds.
  path: Assets/Isometric Pack 3d/Props/Models/Tile_Grass6.fbx
  artifactKey: Guid(1bf45c9bf2b713c40831674958589b5f) Importer(815301076,1909f56bfc062723c751e8b465ee728b)
Start importing Assets/Isometric Pack 3d/Props/Models/Tile_Grass6.fbx using Guid(1bf45c9bf2b713c40831674958589b5f) Importer(815301076,1909f56bfc062723c751e8b465ee728b)  -> (artifact id: 'aa15cdf7f167d2eb274a0581944d99a9') in 0.014766 seconds 
========================================================================
Received Import Request.
  Time since last request: 0.000042 seconds.
  path: Assets/Isometric Pack 3d/Props/Models/Plants_11.fbx
  artifactKey: Guid(77649d9ff2a45a247bc273ced5a4c10e) Importer(815301076,1909f56bfc062723c751e8b465ee728b)
Start importing Assets/Isometric Pack 3d/Props/Models/Plants_11.fbx using Guid(77649d9ff2a45a247bc273ced5a4c10e) Importer(815301076,1909f56bfc062723c751e8b465ee728b)  -> (artifact id: 'b4ce9e0d739142bbdb2dcb1ca7ced073') in 0.022669 seconds 
========================================================================
Received Import Request.
  Time since last request: 0.000025 seconds.
  path: Assets/Isometric Pack 3d/Props/Models/Waterfall1.fbx
  artifactKey: Guid(3d8342901cbc7ea45b339d37873c491e) Importer(815301076,1909f56bfc062723c751e8b465ee728b)
Start importing Assets/Isometric Pack 3d/Props/Models/Waterfall1.fbx using Guid(3d8342901cbc7ea45b339d37873c491e) Importer(815301076,1909f56bfc062723c751e8b465ee728b)  -> (artifact id: 'ac3e2239af386220469d2e1b1b3b9772') in 0.020186 seconds 
========================================================================
Received Import Request.
  Time since last request: 0.000022 seconds.
  path: Assets/Isometric Pack 3d/Props/Models/Tile_Ramp2B.fbx
  artifactKey: Guid(9f1b298a92a7ddb4195a8a2e3dd533b6) Importer(815301076,1909f56bfc062723c751e8b465ee728b)
Start importing Assets/Isometric Pack 3d/Props/Models/Tile_Ramp2B.fbx using Guid(9f1b298a92a7ddb4195a8a2e3dd533b6) Importer(815301076,1909f56bfc062723c751e8b465ee728b)  -> (artifact id: 'd286984f69e99c178fe45c77034e2fa8') in 0.015762 seconds 
========================================================================
Received Import Request.
  Time since last request: 0.000027 seconds.
  path: Assets/Isometric Pack 3d/Props/Models/Tree2_8.fbx
  artifactKey: Guid(7b5a814e8feebfd4f80eae65a9e285a7) Importer(815301076,1909f56bfc062723c751e8b465ee728b)
Start importing Assets/Isometric Pack 3d/Props/Models/Tree2_8.fbx using Guid(7b5a814e8feebfd4f80eae65a9e285a7) Importer(815301076,1909f56bfc062723c751e8b465ee728b)  -> (artifact id: 'caccdf19c7dd59a253e899c624ddcf96') in 0.013392 seconds 
========================================================================
Received Import Request.
  Time since last request: 0.000026 seconds.
  path: Assets/Isometric Pack 3d/Props/Models/Tile_1_C.fbx
  artifactKey: Guid(bda31faa07ceca246982caf8396b8fdf) Importer(815301076,1909f56bfc062723c751e8b465ee728b)
Start importing Assets/Isometric Pack 3d/Props/Models/Tile_1_C.fbx using Guid(bda31faa07ceca246982caf8396b8fdf) Importer(815301076,1909f56bfc062723c751e8b465ee728b)  -> (artifact id: '42d586af5712dfa249d9809198bdafab') in 0.011759 seconds 
Editor requested this worker to shutdown with reason: Scaling down because of idle timeout
AssetImportWorker is now disconnected from the server
Process exiting
Exiting without the bug reporter. Application will terminate with return code 0